<?xml version="1.0" encoding="UTF-8"?>
<!-- Generated by org.testng.reporters.JUnitXMLReporter -->
<testsuite hostname="DESKTOP-J0DQ7VP" ignored="0" name="Default test" tests="8" failures="0" timestamp="2022-02-19T21:23:32 IST" time="0.144" errors="0">
  <testcase name="homepage" time="0.015" classname="com.Testing.Grouping"/>
  <testcase name="homepage1" time="0.0" classname="com.Testing.Grouping"/>
  <testcase name="lenovo1" time="0.0" classname="com.Testing.Grouping"/>
  <testcase name="lenovo2" time="0.0" classname="com.Testing.Grouping"/>
  <testcase name="loginpage" time="0.0" classname="com.Testing.Grouping"/>
  <testcase name="loginpage1" time="0.015" classname="com.Testing.Grouping"/>
  <testcase name="vivo1" time="0.0" classname="com.Testing.Grouping"/>
  <testcase name="vivo2" time="0.0" classname="com.Testing.Grouping"/>
</testsuite> <!-- Default test -->
