<?xml version="1.0" encoding="UTF-8"?>
<!-- Generated by org.testng.reporters.JUnitXMLReporter -->
<testsuite hostname="DESKTOP-J0DQ7VP" ignored="4" name="Group test" tests="4" failures="0" timestamp="2022-02-19T21:29:25 IST" time="0.11" errors="0">
  <testcase name="lenovo1" time="0.015" classname="com.Testing.Grouping"/>
  <testcase name="lenovo2" time="0.016" classname="com.Testing.Grouping"/>
  <testcase name="vivo1" time="0.0" classname="com.Testing.Grouping"/>
  <testcase name="vivo2" time="0.0" classname="com.Testing.Grouping"/>
  <testcase name="loginpage1" time="0.0" classname="com.Testing.Grouping">
    <ignored/>
  </testcase> <!-- loginpage1 -->
  <testcase name="homepage" time="0.0" classname="com.Testing.Grouping">
    <ignored/>
  </testcase> <!-- homepage -->
  <testcase name="loginpage" time="0.0" classname="com.Testing.Grouping">
    <ignored/>
  </testcase> <!-- loginpage -->
  <testcase name="homepage1" time="0.0" classname="com.Testing.Grouping">
    <ignored/>
  </testcase> <!-- homepage1 -->
</testsuite> <!-- Group test -->
